# JRE version: OpenJDK Runtime Environment Temurin-21.0.10+7 (21.0.10+7) (build 21.0.10+7-LTS)
# Java VM: OpenJDK 64-Bit Server VM Temurin-21.0.10+7 (21.0.10+7-LTS, mixed mode, sharing, tiered, compressed oops, compressed class ptrs, parallel gc, windows-amd64)
GC Precious Log:
 CardTable entry size: 512
 CPUs: 4 total, 4 available
 Memory: 4005M
 Large Page Support: Disabled
 NUMA Support: Disabled
 Compressed Oops: Enabled (32-bit)
 Alignments: Space 512K, Generation 512K, Heap 2M
 Heap Min Capacity: 100M
 Heap Initial Capacity: 100M
 Heap Max Capacity: 2G
 Pre-touch: Disabled
 Parallel Workers: 4
Heap:
 PSYoungGen      total 2048K, used 1688K [0x00000000d5580000, 0x00000000d5800000, 0x0000000100000000)
  eden space 1536K, 97% used [0x00000000d5580000,0x00000000d56f6010,0x00000000d5700000)
  from space 512K, 37% used [0x00000000d5780000,0x00000000d57b0000,0x00000000d5800000)
  to   space 512K, 0% used [0x00000000d5700000,0x00000000d5700000,0x00000000d5780000)
 ParOldGen       total 321536K, used 321099K [0x0000000080000000, 0x0000000093a00000, 0x00000000d5580000)
  object space 321536K, 99% used [0x0000000080000000,0x0000000093992ee8,0x0000000093a00000)
 Metaspace       used 44573K, committed 45952K, reserved 1114112K
  class space    used 4235K, committed 4800K, reserved 1048576K
GC Heap History (20 events):
Event: 1177.980 GC heap before
{Heap before GC invocations=563 (full 2):
 PSYoungGen      total 2048K, used 1664K [0x00000000d5580000, 0x00000000d5800000, 0x0000000100000000)
  eden space 1536K, 100% used [0x00000000d5580000,0x00000000d5700000,0x00000000d5700000)
  from space 512K, 25% used [0x00000000d5780000,0x00000000d57a0000,0x00000000d5800000)
  to   space 512K, 0% used [0x00000000d5700000,0x00000000d5700000,0x00000000d5780000)
 ParOldGen       total 321024K, used 320715K [0x0000000080000000, 0x0000000093980000, 0x00000000d5580000)
  object space 321024K, 99% used [0x0000000080000000,0x0000000093932eb8,0x0000000093980000)
 Metaspace       used 43009K, committed 44480K, reserved 1114112K
  class space    used 3982K, committed 4608K, reserved 1048576K
}
Event: 1177.981 GC heap after
{Heap after GC invocations=563 (full 2):
 PSYoungGen      total 2048K, used 128K [0x00000000d5580000, 0x00000000d5800000, 0x0000000100000000)
  eden space 1536K, 0% used [0x00000000d5580000,0x00000000d5580000,0x00000000d5700000)
  from space 512K, 25% used [0x00000000d5700000,0x00000000d5720000,0x00000000d5780000)
  to   space 512K, 0% used [0x00000000d5780000,0x00000000d5780000,0x00000000d5800000)
 ParOldGen       total 321024K, used 320755K [0x0000000080000000, 0x0000000093980000, 0x00000000d5580000)
  object space 321024K, 99% used [0x0000000080000000,0x000000009393ceb8,0x0000000093980000)
 Metaspace       used 43009K, committed 44480K, reserved 1114112K
  class space    used 3982K, committed 4608K, reserved 1048576K
}
Event: 1188.048 GC heap before
{Heap before GC invocations=564 (full 2):
 PSYoungGen      total 2048K, used 1652K [0x00000000d5580000, 0x00000000d5800000, 0x0000000100000000)
  eden space 1536K, 99% used [0x00000000d5580000,0x00000000d56fd2b0,0x00000000d5700000)
  from space 512K, 25% used [0x00000000d5700000,0x00000000d5720000,0x00000000d5780000)
  to   space 512K, 0% used [0x00000000d5780000,0x00000000d5780000,0x00000000d5800000)
 ParOldGen       total 321024K, used 320755K [0x0000000080000000, 0x0000000093980000, 0x00000000d5580000)
  object space 321024K, 99% used [0x0000000080000000,0x000000009393ceb8,0x0000000093980000)
 Metaspace       used 43246K, committed 44672K, reserved 1114112K
  class space    used 4009K, committed 4608K, reserved 1048576K
}
Event: 1188.051 GC heap after
{Heap after GC invocations=564 (full 2):
 PSYoungGen      total 2048K, used 187K [0x00000000d5580000, 0x00000000d5800000, 0x0000000100000000)
  eden space 1536K, 0% used [0x00000000d5580000,0x00000000d5580000,0x00000000d5700000)
  from space 512K, 36% used [0x00000000d5780000,0x00000000d57aee40,0x00000000d5800000)
  to   space 512K, 0% used [0x00000000d5700000,0x00000000d5700000,0x00000000d5780000)
 ParOldGen       total 321024K, used 320779K [0x0000000080000000, 0x0000000093980000, 0x00000000d5580000)
  object space 321024K, 99% used [0x0000000080000000,0x0000000093942eb8,0x0000000093980000)
 Metaspace       used 43246K, committed 44672K, reserved 1114112K
  class space    used 4009K, committed 4608K, reserved 1048576K
}
Event: 1188.505 GC heap before
{Heap before GC invocations=565 (full 2):
 PSYoungGen      total 2048K, used 1723K [0x00000000d5580000, 0x00000000d5800000, 0x0000000100000000)
  eden space 1536K, 100% used [0x00000000d5580000,0x00000000d5700000,0x00000000d5700000)
  from space 512K, 36% used [0x00000000d5780000,0x00000000d57aee40,0x00000000d5800000)
  to   space 512K, 0% used [0x00000000d5700000,0x00000000d5700000,0x00000000d5780000)
 ParOldGen       total 321024K, used 320779K [0x0000000080000000, 0x0000000093980000, 0x00000000d5580000)
  object space 321024K, 99% used [0x0000000080000000,0x0000000093942eb8,0x0000000093980000)
 Metaspace       used 43412K, committed 44800K, reserved 1114112K
  class space    used 4038K, committed 4608K, reserved 1048576K
}
Event: 1188.511 GC heap after
{Heap after GC invocations=565 (full 2):
 PSYoungGen      total 2048K, used 128K [0x00000000d5580000, 0x00000000d5800000, 0x0000000100000000)
  eden space 1536K, 0% used [0x00000000d5580000,0x00000000d5580000,0x00000000d5700000)
  from space 512K, 25% used [0x00000000d5700000,0x00000000d5720000,0x00000000d5780000)
  to   space 512K, 0% used [0x00000000d5780000,0x00000000d5780000,0x00000000d5800000)
 ParOldGen       total 321024K, used 320851K [0x0000000080000000, 0x0000000093980000, 0x00000000d5580000)
  object space 321024K, 99% used [0x0000000080000000,0x0000000093954ee8,0x0000000093980000)
 Metaspace       used 43412K, committed 44800K, reserved 1114112K
  class space    used 4038K, committed 4608K, reserved 1048576K
}
Event: 1189.186 GC heap before
{Heap before GC invocations=566 (full 2):
 PSYoungGen      total 2048K, used 1664K [0x00000000d5580000, 0x00000000d5800000, 0x0000000100000000)
  eden space 1536K, 100% used [0x00000000d5580000,0x00000000d5700000,0x00000000d5700000)
  from space 512K, 25% used [0x00000000d5700000,0x00000000d5720000,0x00000000d5780000)
  to   space 512K, 0% used [0x00000000d5780000,0x00000000d5780000,0x00000000d5800000)
 ParOldGen       total 321024K, used 320851K [0x0000000080000000, 0x0000000093980000, 0x00000000d5580000)
  object space 321024K, 99% used [0x0000000080000000,0x0000000093954ee8,0x0000000093980000)
 Metaspace       used 43511K, committed 44928K, reserved 1114112K
  class space    used 4068K, committed 4672K, reserved 1048576K
}
Event: 1189.188 GC heap after
{Heap after GC invocations=566 (full 2):
 PSYoungGen      total 2048K, used 64K [0x00000000d5580000, 0x00000000d5800000, 0x0000000100000000)
  eden space 1536K, 0% used [0x00000000d5580000,0x00000000d5580000,0x00000000d5700000)
  from space 512K, 12% used [0x00000000d5780000,0x00000000d5790000,0x00000000d5800000)
  to   space 512K, 0% used [0x00000000d5700000,0x00000000d5700000,0x00000000d5780000)
 ParOldGen       total 321024K, used 320883K [0x0000000080000000, 0x0000000093980000, 0x00000000d5580000)
  object space 321024K, 99% used [0x0000000080000000,0x000000009395cee8,0x0000000093980000)
 Metaspace       used 43511K, committed 44928K, reserved 1114112K
  class space    used 4068K, committed 4672K, reserved 1048576K
}
Event: 1189.612 GC heap before
{Heap before GC invocations=567 (full 2):
 PSYoungGen      total 2048K, used 1600K [0x00000000d5580000, 0x00000000d5800000, 0x0000000100000000)
  eden space 1536K, 100% used [0x00000000d5580000,0x00000000d5700000,0x00000000d5700000)
  from space 512K, 12% used [0x00000000d5780000,0x00000000d5790000,0x00000000d5800000)
  to   space 512K, 0% used [0x00000000d5700000,0x00000000d5700000,0x00000000d5780000)
 ParOldGen       total 321024K, used 320883K [0x0000000080000000, 0x0000000093980000, 0x00000000d5580000)
  object space 321024K, 99% used [0x0000000080000000,0x000000009395cee8,0x0000000093980000)
 Metaspace       used 43611K, committed 44992K, reserved 1114112K
  class space    used 4097K, committed 4672K, reserved 1048576K
}
Event: 1189.616 GC heap after
{Heap after GC invocations=567 (full 2):
 PSYoungGen      total 2048K, used 128K [0x00000000d5580000, 0x00000000d5800000, 0x0000000100000000)
  eden space 1536K, 0% used [0x00000000d5580000,0x00000000d5580000,0x00000000d5700000)
  from space 512K, 25% used [0x00000000d5700000,0x00000000d5720000,0x00000000d5780000)
  to   space 512K, 0% used [0x00000000d5780000,0x00000000d5780000,0x00000000d5800000)
 ParOldGen       total 321024K, used 320915K [0x0000000080000000, 0x0000000093980000, 0x00000000d5580000)
  object space 321024K, 99% used [0x0000000080000000,0x0000000093964ee8,0x0000000093980000)
 Metaspace       used 43611K, committed 44992K, reserved 1114112K
  class space    used 4097K, committed 4672K, reserved 1048576K
}
Event: 1190.386 GC heap before
{Heap before GC invocations=568 (full 2):
 PSYoungGen      total 2048K, used 1664K [0x00000000d5580000, 0x00000000d5800000, 0x0000000100000000)
  eden space 1536K, 100% used [0x00000000d5580000,0x00000000d5700000,0x00000000d5700000)
  from space 512K, 25% used [0x00000000d5700000,0x00000000d5720000,0x00000000d5780000)
  to   space 512K, 0% used [0x00000000d5780000,0x00000000d5780000,0x00000000d5800000)
 ParOldGen       total 321024K, used 320915K [0x0000000080000000, 0x0000000093980000, 0x00000000d5580000)
  object space 321024K, 99% used [0x0000000080000000,0x0000000093964ee8,0x0000000093980000)
 Metaspace       used 43749K, committed 45184K, reserved 1114112K
  class space    used 4126K, committed 4736K, reserved 1048576K
}
Event: 1190.422 GC heap after
{Heap after GC invocations=568 (full 2):
 PSYoungGen      total 2048K, used 128K [0x00000000d5580000, 0x00000000d5800000, 0x0000000100000000)
  eden space 1536K, 0% used [0x00000000d5580000,0x00000000d5580000,0x00000000d5700000)
  from space 512K, 25% used [0x00000000d5780000,0x00000000d57a0000,0x00000000d5800000)
  to   space 512K, 0% used [0x00000000d5700000,0x00000000d5700000,0x00000000d5780000)
 ParOldGen       total 321024K, used 320947K [0x0000000080000000, 0x0000000093980000, 0x00000000d5580000)
  object space 321024K, 99% used [0x0000000080000000,0x000000009396cee8,0x0000000093980000)
 Metaspace       used 43749K, committed 45184K, reserved 1114112K
  class space    used 4126K, committed 4736K, reserved 1048576K
}
Event: 1192.997 GC heap before
{Heap before GC invocations=569 (full 2):
 PSYoungGen      total 2048K, used 1664K [0x00000000d5580000, 0x00000000d5800000, 0x0000000100000000)
  eden space 1536K, 100% used [0x00000000d5580000,0x00000000d5700000,0x00000000d5700000)
  from space 512K, 25% used [0x00000000d5780000,0x00000000d57a0000,0x00000000d5800000)
  to   space 512K, 0% used [0x00000000d5700000,0x00000000d5700000,0x00000000d5780000)
 ParOldGen       total 321024K, used 320947K [0x0000000080000000, 0x0000000093980000, 0x00000000d5580000)
  object space 321024K, 99% used [0x0000000080000000,0x000000009396cee8,0x0000000093980000)
 Metaspace       used 43954K, committed 45376K, reserved 1114112K
  class space    used 4157K, committed 4736K, reserved 1048576K
}
Event: 1193.000 GC heap after
{Heap after GC invocations=569 (full 2):
 PSYoungGen      total 2048K, used 128K [0x00000000d5580000, 0x00000000d5800000, 0x0000000100000000)
  eden space 1536K, 0% used [0x00000000d5580000,0x00000000d5580000,0x00000000d5700000)
  from space 512K, 25% used [0x00000000d5700000,0x00000000d5720000,0x00000000d5780000)
  to   space 512K, 0% used [0x00000000d5780000,0x00000000d5780000,0x00000000d5800000)
 ParOldGen       total 321024K, used 320979K [0x0000000080000000, 0x0000000093980000, 0x00000000d5580000)
  object space 321024K, 99% used [0x0000000080000000,0x0000000093974ee8,0x0000000093980000)
 Metaspace       used 43954K, committed 45376K, reserved 1114112K
  class space    used 4157K, committed 4736K, reserved 1048576K
}
Event: 1193.710 GC heap before
{Heap before GC invocations=570 (full 2):
 PSYoungGen      total 2048K, used 1654K [0x00000000d5580000, 0x00000000d5800000, 0x0000000100000000)
  eden space 1536K, 99% used [0x00000000d5580000,0x00000000d56fdb40,0x00000000d5700000)
  from space 512K, 25% used [0x00000000d5700000,0x00000000d5720000,0x00000000d5780000)
  to   space 512K, 0% used [0x00000000d5780000,0x00000000d5780000,0x00000000d5800000)
 ParOldGen       total 321024K, used 320979K [0x0000000080000000, 0x0000000093980000, 0x00000000d5580000)
  object space 321024K, 99% used [0x0000000080000000,0x0000000093974ee8,0x0000000093980000)
 Metaspace       used 44073K, committed 45504K, reserved 1114112K
  class space    used 4183K, committed 4800K, reserved 1048576K
}
Event: 1193.714 GC heap after
{Heap after GC invocations=570 (full 2):
 PSYoungGen      total 2048K, used 128K [0x00000000d5580000, 0x00000000d5800000, 0x0000000100000000)
  eden space 1536K, 0% used [0x00000000d5580000,0x00000000d5580000,0x00000000d5700000)
  from space 512K, 25% used [0x00000000d5780000,0x00000000d57a0000,0x00000000d5800000)
  to   space 512K, 0% used [0x00000000d5700000,0x00000000d5700000,0x00000000d5780000)
 ParOldGen       total 321536K, used 321027K [0x0000000080000000, 0x0000000093a00000, 0x00000000d5580000)
  object space 321536K, 99% used [0x0000000080000000,0x0000000093980ee8,0x0000000093a00000)
 Metaspace       used 44073K, committed 45504K, reserved 1114112K
  class space    used 4183K, committed 4800K, reserved 1048576K
}
Event: 1194.288 GC heap before
{Heap before GC invocations=571 (full 2):
 PSYoungGen      total 2048K, used 1664K [0x00000000d5580000, 0x00000000d5800000, 0x0000000100000000)
  eden space 1536K, 100% used [0x00000000d5580000,0x00000000d5700000,0x00000000d5700000)
  from space 512K, 25% used [0x00000000d5780000,0x00000000d57a0000,0x00000000d5800000)
  to   space 512K, 0% used [0x00000000d5700000,0x00000000d5700000,0x00000000d5780000)
 ParOldGen       total 321536K, used 321027K [0x0000000080000000, 0x0000000093a00000, 0x00000000d5580000)
  object space 321536K, 99% used [0x0000000080000000,0x0000000093980ee8,0x0000000093a00000)
 Metaspace       used 44296K, committed 45696K, reserved 1114112K
  class space    used 4200K, committed 4800K, reserved 1048576K
}
Event: 1194.291 GC heap after
{Heap after GC invocations=571 (full 2):
 PSYoungGen      total 2048K, used 128K [0x00000000d5580000, 0x00000000d5800000, 0x0000000100000000)
  eden space 1536K, 0% used [0x00000000d5580000,0x00000000d5580000,0x00000000d5700000)
  from space 512K, 25% used [0x00000000d5700000,0x00000000d5720000,0x00000000d5780000)
  to   space 512K, 0% used [0x00000000d5780000,0x00000000d5780000,0x00000000d5800000)
 ParOldGen       total 321536K, used 321067K [0x0000000080000000, 0x0000000093a00000, 0x00000000d5580000)
  object space 321536K, 99% used [0x0000000080000000,0x000000009398aee8,0x0000000093a00000)
 Metaspace       used 44296K, committed 45696K, reserved 1114112K
  class space    used 4200K, committed 4800K, reserved 1048576K
}
Event: 1199.731 GC heap before
{Heap before GC invocations=572 (full 2):
 PSYoungGen      total 2048K, used 1664K [0x00000000d5580000, 0x00000000d5800000, 0x0000000100000000)
  eden space 1536K, 100% used [0x00000000d5580000,0x00000000d5700000,0x00000000d5700000)
  from space 512K, 25% used [0x00000000d5700000,0x00000000d5720000,0x00000000d5780000)
  to   space 512K, 0% used [0x00000000d5780000,0x00000000d5780000,0x00000000d5800000)
 ParOldGen       total 321536K, used 321067K [0x0000000080000000, 0x0000000093a00000, 0x00000000d5580000)
  object space 321536K, 99% used [0x0000000080000000,0x000000009398aee8,0x0000000093a00000)
 Metaspace       used 44442K, committed 45888K, reserved 1114112K
  class space    used 4216K, committed 4800K, reserved 1048576K
}
Event: 1199.745 GC heap after
{Heap after GC invocations=572 (full 2):
 PSYoungGen      total 2048K, used 192K [0x00000000d5580000, 0x00000000d5800000, 0x0000000100000000)
  eden space 1536K, 0% used [0x00000000d5580000,0x00000000d5580000,0x00000000d5700000)
  from space 512K, 37% used [0x00000000d5780000,0x00000000d57b0000,0x00000000d5800000)
  to   space 512K, 0% used [0x00000000d5700000,0x00000000d5700000,0x00000000d5780000)
 ParOldGen       total 321536K, used 321099K [0x0000000080000000, 0x0000000093a00000, 0x00000000d5580000)
  object space 321536K, 99% used [0x0000000080000000,0x0000000093992ee8,0x0000000093a00000)
 Metaspace       used 44442K, committed 45888K, reserved 1114112K
  class space    used 4216K, committed 4800K, reserved 1048576K
}

