# JRE version: OpenJDK Runtime Environment Temurin-17.0.17+10 (17.0.17+10) (build 17.0.17+10)
# Java VM: OpenJDK 64-Bit Server VM Temurin-17.0.17+10 (17.0.17+10, mixed mode, sharing, tiered, compressed oops, compressed class ptrs, g1 gc, windows-amd64)
GC Precious Log:
 CPUs: 4 total, 4 available
 Memory: 4005M
 Large Page Support: Disabled
 NUMA Support: Disabled
 Compressed Oops: Enabled (32-bit)
 Heap Region Size: 1M
 Heap Min Capacity: 8M
 Heap Initial Capacity: 64M
 Heap Max Capacity: 1002M
 Pre-touch: Disabled
 Parallel Workers: 4
 Concurrent Workers: 1
 Concurrent Refinement Workers: 4
 Periodic GC: Disabled
Heap:
 garbage-first heap   total 70656K, used 41663K [0x00000000c1600000, 0x0000000100000000)
  region size 1024K, 8 young (8192K), 2 survivors (2048K)
 Metaspace       used 64714K, committed 65280K, reserved 1114112K
  class space    used 9040K, committed 9344K, reserved 1048576K
GC Heap History (20 events):
Event: 139.038 GC heap before
{Heap before GC invocations=19 (full 0):
 garbage-first heap   total 51200K, used 40967K [0x00000000c1600000, 0x0000000100000000)
  region size 1024K, 17 young (17408K), 2 survivors (2048K)
 Metaspace       used 56506K, committed 57024K, reserved 1114112K
  class space    used 7734K, committed 7936K, reserved 1048576K
}
Event: 139.199 GC heap after
{Heap after GC invocations=20 (full 0):
 garbage-first heap   total 51200K, used 26897K [0x00000000c1600000, 0x0000000100000000)
  region size 1024K, 3 young (3072K), 3 survivors (3072K)
 Metaspace       used 56506K, committed 57024K, reserved 1114112K
  class space    used 7734K, committed 7936K, reserved 1048576K
}
Event: 142.822 GC heap before
{Heap before GC invocations=20 (full 0):
 garbage-first heap   total 51200K, used 40209K [0x00000000c1600000, 0x0000000100000000)
  region size 1024K, 16 young (16384K), 3 survivors (3072K)
 Metaspace       used 58200K, committed 58752K, reserved 1114112K
  class space    used 7956K, committed 8192K, reserved 1048576K
}
Event: 143.133 GC heap after
{Heap after GC invocations=21 (full 0):
 garbage-first heap   total 51200K, used 27624K [0x00000000c1600000, 0x0000000100000000)
  region size 1024K, 1 young (1024K), 1 survivors (1024K)
 Metaspace       used 58200K, committed 58752K, reserved 1114112K
  class space    used 7956K, committed 8192K, reserved 1048576K
}
Event: 147.015 GC heap before
{Heap before GC invocations=22 (full 0):
 garbage-first heap   total 56320K, used 41960K [0x00000000c1600000, 0x0000000100000000)
  region size 1024K, 15 young (15360K), 1 survivors (1024K)
 Metaspace       used 60591K, committed 61056K, reserved 1114112K
  class space    used 8386K, committed 8576K, reserved 1048576K
}
Event: 147.021 GC heap after
{Heap after GC invocations=23 (full 0):
 garbage-first heap   total 56320K, used 28494K [0x00000000c1600000, 0x0000000100000000)
  region size 1024K, 2 young (2048K), 2 survivors (2048K)
 Metaspace       used 60591K, committed 61056K, reserved 1114112K
  class space    used 8386K, committed 8576K, reserved 1048576K
}
Event: 148.556 GC heap before
{Heap before GC invocations=23 (full 0):
 garbage-first heap   total 56320K, used 44878K [0x00000000c1600000, 0x0000000100000000)
  region size 1024K, 18 young (18432K), 2 survivors (2048K)
 Metaspace       used 60679K, committed 61248K, reserved 1114112K
  class space    used 8393K, committed 8640K, reserved 1048576K
}
Event: 148.576 GC heap after
{Heap after GC invocations=24 (full 0):
 garbage-first heap   total 56320K, used 29196K [0x00000000c1600000, 0x0000000100000000)
  region size 1024K, 2 young (2048K), 2 survivors (2048K)
 Metaspace       used 60679K, committed 61248K, reserved 1114112K
  class space    used 8393K, committed 8640K, reserved 1048576K
}
Event: 150.303 GC heap before
{Heap before GC invocations=25 (full 0):
 garbage-first heap   total 56320K, used 44556K [0x00000000c1600000, 0x0000000100000000)
  region size 1024K, 18 young (18432K), 2 survivors (2048K)
 Metaspace       used 62259K, committed 62848K, reserved 1114112K
  class space    used 8724K, committed 9024K, reserved 1048576K
}
Event: 150.332 GC heap after
{Heap after GC invocations=26 (full 0):
 garbage-first heap   total 56320K, used 31300K [0x00000000c1600000, 0x0000000100000000)
  region size 1024K, 3 young (3072K), 3 survivors (3072K)
 Metaspace       used 62259K, committed 62848K, reserved 1114112K
  class space    used 8724K, committed 9024K, reserved 1048576K
}
Event: 150.554 GC heap before
{Heap before GC invocations=26 (full 0):
 garbage-first heap   total 56320K, used 44612K [0x00000000c1600000, 0x0000000100000000)
  region size 1024K, 16 young (16384K), 3 survivors (3072K)
 Metaspace       used 62270K, committed 62848K, reserved 1114112K
  class space    used 8724K, committed 9024K, reserved 1048576K
}
Event: 150.601 GC heap after
{Heap after GC invocations=27 (full 0):
 garbage-first heap   total 56320K, used 32100K [0x00000000c1600000, 0x0000000100000000)
  region size 1024K, 2 young (2048K), 2 survivors (2048K)
 Metaspace       used 62270K, committed 62848K, reserved 1114112K
  class space    used 8724K, committed 9024K, reserved 1048576K
}
Event: 150.828 GC heap before
{Heap before GC invocations=28 (full 0):
 garbage-first heap   total 70656K, used 44388K [0x00000000c1600000, 0x0000000100000000)
  region size 1024K, 14 young (14336K), 2 survivors (2048K)
 Metaspace       used 62270K, committed 62848K, reserved 1114112K
  class space    used 8724K, committed 9024K, reserved 1048576K
}
Event: 150.886 GC heap after
{Heap after GC invocations=29 (full 0):
 garbage-first heap   total 70656K, used 34870K [0x00000000c1600000, 0x0000000100000000)
  region size 1024K, 2 young (2048K), 2 survivors (2048K)
 Metaspace       used 62270K, committed 62848K, reserved 1114112K
  class space    used 8724K, committed 9024K, reserved 1048576K
}
Event: 151.784 GC heap before
{Heap before GC invocations=29 (full 0):
 garbage-first heap   total 70656K, used 53302K [0x00000000c1600000, 0x0000000100000000)
  region size 1024K, 20 young (20480K), 2 survivors (2048K)
 Metaspace       used 62279K, committed 62848K, reserved 1114112K
  class space    used 8724K, committed 9024K, reserved 1048576K
}
Event: 151.790 GC heap after
{Heap after GC invocations=30 (full 0):
 garbage-first heap   total 70656K, used 35618K [0x00000000c1600000, 0x0000000100000000)
  region size 1024K, 1 young (1024K), 1 survivors (1024K)
 Metaspace       used 62279K, committed 62848K, reserved 1114112K
  class space    used 8724K, committed 9024K, reserved 1048576K
}
Event: 157.116 GC heap before
{Heap before GC invocations=31 (full 0):
 garbage-first heap   total 70656K, used 54050K [0x00000000c1600000, 0x0000000100000000)
  region size 1024K, 19 young (19456K), 1 survivors (1024K)
 Metaspace       used 63878K, committed 64448K, reserved 1114112K
  class space    used 8955K, committed 9216K, reserved 1048576K
}
Event: 157.120 GC heap after
{Heap after GC invocations=32 (full 0):
 garbage-first heap   total 70656K, used 35918K [0x00000000c1600000, 0x0000000100000000)
  region size 1024K, 2 young (2048K), 2 survivors (2048K)
 Metaspace       used 63878K, committed 64448K, reserved 1114112K
  class space    used 8955K, committed 9216K, reserved 1048576K
}
Event: 162.228 GC heap before
{Heap before GC invocations=32 (full 0):
 garbage-first heap   total 70656K, used 55374K [0x00000000c1600000, 0x0000000100000000)
  region size 1024K, 21 young (21504K), 2 survivors (2048K)
 Metaspace       used 64450K, committed 65088K, reserved 1114112K
  class space    used 9019K, committed 9344K, reserved 1048576K
}
Event: 162.277 GC heap after
{Heap after GC invocations=33 (full 0):
 garbage-first heap   total 70656K, used 36543K [0x00000000c1600000, 0x0000000100000000)
  region size 1024K, 2 young (2048K), 2 survivors (2048K)
 Metaspace       used 64450K, committed 65088K, reserved 1114112K
  class space    used 9019K, committed 9344K, reserved 1048576K
}

